<?xml version="1.0" encoding="UTF-8"?>
<!-- Generated by org.testng.reporters.JUnitReportReporter -->
<testsuite skipped="0" hostname="KerdasyPC" name="Guru99BankTests.VerifyDynamicTextWithLoginSection" tests="1" failures="0" timestamp="18 Nov 2019 09:49:16 GMT" time="1.672" errors="0">
  <testcase name="VerifyDynamicTextWithLoginSectionTest" time="1.672" classname="Guru99BankTests.VerifyDynamicTextWithLoginSection"/>
</testsuite> <!-- Guru99BankTests.VerifyDynamicTextWithLoginSection -->
