<?xml version="1.0" encoding="UTF-8"?>
<!-- Generated by org.testng.reporters.JUnitReportReporter -->
<testsuite skipped="0" hostname="KerdasyPC" name="Guru99BankTests.LoginSectionPageScenariosTest" tests="4" failures="0" timestamp="17 Nov 2019 09:30:19 GMT" time="7.657" errors="0">
  <testcase name="LoginWithVaildUserNameAndVaildPasswordTestCase" time="2.866" classname="Guru99BankTests.LoginSectionPageScenariosTest"/>
  <testcase name="LoginWithVaildUserNameAndInVaildPasswordTestCase" time="1.703" classname="Guru99BankTests.LoginSectionPageScenariosTest"/>
  <testcase name="LoginWithInVaildUserNameAndVaildPasswordTestCase" time="1.485" classname="Guru99BankTests.LoginSectionPageScenariosTest"/>
  <testcase name="LoginWithInVaildUserNameAndInVaildPasswordTestCase" time="1.603" classname="Guru99BankTests.LoginSectionPageScenariosTest"/>
</testsuite> <!-- Guru99BankTests.LoginSectionPageScenariosTest -->
