<?xml version="1.0" encoding="UTF-8"?>
<!-- Generated by org.testng.reporters.JUnitReportReporter -->
<testsuite skipped="0" hostname="KerdasyPC" name="TESTAutomation.Kerdasy.MobileItemsSortedByNameTest" tests="1" failures="0" timestamp="13 Nov 2019 15:30:41 GMT" time="23.436" errors="0">
  <testcase name="MobileItemsSortedByNameTestCase" time="23.436" classname="TESTAutomation.Kerdasy.MobileItemsSortedByNameTest"/>
</testsuite> <!-- TESTAutomation.Kerdasy.MobileItemsSortedByNameTest -->
