<?xml version="1.0" encoding="UTF-8"?>
<!-- Generated by org.testng.reporters.JUnitReportReporter -->
<testsuite skipped="0" hostname="KerdasyPC" name="Guru99BankTests.LoginSectionTest" tests="1" failures="0" timestamp="14 Nov 2019 09:11:34 GMT" time="1.609" errors="0">
  <testcase name="VerifyLoginSectionTestCase" time="1.609" classname="Guru99BankTests.LoginSectionTest"/>
</testsuite> <!-- Guru99BankTests.LoginSectionTest -->
